2026-04-01 00:08:03.163 [JavaFX Application Thread] INFO  com.aerospace.aitt.shell.MainApp - Starting JavaFX application
2026-04-01 00:08:03.673 [ForkJoinPool.commonPool-worker-1] INFO  com.aerospace.aitt.core.log.AppLogger - [HardwareBridge] Native library extracted and loaded from: C:\Users\THINKPAD\AppData\Local\Temp\aitt_native16114744475730226332\aitt_native.dll
2026-04-01 00:08:03.676 [ForkJoinPool.commonPool-worker-1] INFO  com.aerospace.aitt.shell.MainApp - Native library pre-warmed successfully
2026-04-01 00:08:04.236 [JavaFX Application Thread] INFO  com.aerospace.aitt.core.config.SettingsStore - Settings loaded from C:\Users\THINKPAD\.aitt\settings.json
2026-04-01 00:08:04.238 [JavaFX Application Thread] INFO  com.aerospace.aitt.core.ui.ThemeManager - Applied theme: Dark
2026-04-01 00:08:05.086 [JavaFX Application Thread] DEBUG com.aerospace.aitt.shell.LoginController - Initializing LoginController
2026-04-01 00:08:06.345 [JavaFX Application Thread] INFO  com.aerospace.aitt.core.ui.StageManager - Switched to scene: /fxml/login.fxml
2026-04-01 00:08:06.345 [JavaFX Application Thread] INFO  com.aerospace.aitt.shell.MainApp - Application UI initialized successfully
2026-04-01 00:08:20.239 [ForkJoinPool.commonPool-worker-1] INFO  com.aerospace.aitt.core.auth.AuthService - Authentication attempt for user: ddfdf
2026-04-01 00:08:20.244 [ForkJoinPool.commonPool-worker-1] INFO  com.aerospace.aitt.core.auth.AuthService - User ddfdf authenticated successfully
2026-04-01 00:08:20.245 [JavaFX Application Thread] INFO  com.aerospace.aitt.shell.LoginController - Login successful for user: ddfdf
2026-04-01 00:08:20.325 [JavaFX Application Thread] DEBUG com.aerospace.aitt.shell.DashboardController - Initializing DashboardController
2026-04-01 00:08:20.476 [JavaFX Application Thread] DEBUG com.aerospace.aitt.shell.DashboardController - Navigation sound loaded
2026-04-01 00:08:20.482 [JavaFX Application Thread] DEBUG com.aerospace.aitt.shell.DashboardController - Module carousel initialized with 6 cards
2026-04-01 00:08:20.496 [JavaFX Application Thread] INFO  com.aerospace.aitt.shell.DashboardController - Dashboard displayed
2026-04-01 00:08:20.496 [JavaFX Application Thread] INFO  com.aerospace.aitt.core.ui.StageManager - Switched to scene: /fxml/dashboard.fxml
2026-04-01 00:09:16.554 [JavaFX Application Thread] INFO  com.aerospace.aitt.shell.DashboardController - Opening Test Development Module
2026-04-01 00:09:18.799 [JavaFX Application Thread] INFO  com.aerospace.aitt.shell.DashboardController - Opening Flashing Module
2026-04-01 00:09:18.977 [JavaFX Application Thread] INFO  com.aerospace.aitt.core.log.AppLogger - [FlashingController] Initializing FlashingController
2026-04-01 00:09:18.989 [JavaFX Application Thread] INFO  com.aerospace.aitt.core.ui.StageManager - Switched to scene: /fxml/flashing.fxml
2026-04-01 00:09:19.011 [ForkJoinPool.commonPool-worker-1] INFO  com.aerospace.aitt.core.log.AppLogger - [ProfileStore] Loaded 8 target profiles
2026-04-01 00:09:19.143 [ForkJoinPool.commonPool-worker-1] INFO  com.aerospace.aitt.core.log.AppLogger - [SessionStore] Loaded 12 sessions from C:\Users\THINKPAD\.aitt\sessions.json
2026-04-01 00:09:19.527 [JavaFX Application Thread] INFO  com.aerospace.aitt.core.log.AppLogger - [FlashingController] FlashingController initialized
2026-04-01 00:09:21.443 [JavaFX Application Thread] INFO  com.aerospace.aitt.shell.DashboardController - Dashboard displayed
2026-04-01 00:09:21.444 [JavaFX Application Thread] INFO  com.aerospace.aitt.core.ui.StageManager - Switched to scene: /fxml/dashboard.fxml
2026-04-01 00:10:16.520 [JavaFX Application Thread] INFO  com.aerospace.aitt.shell.DashboardController - Opening Test Development Module
2026-04-01 00:10:34.898 [JavaFX Application Thread] INFO  com.aerospace.aitt.shell.MainApp - Application shutting down
2026-04-01 00:11:41.321 [JavaFX Application Thread] INFO  com.aerospace.aitt.shell.MainApp - Starting JavaFX application
2026-04-01 00:11:41.443 [ForkJoinPool.commonPool-worker-1] INFO  com.aerospace.aitt.core.log.AppLogger - [HardwareBridge] Native library extracted and loaded from: C:\Users\THINKPAD\AppData\Local\Temp\aitt_native14855473917051380724\aitt_native.dll
2026-04-01 00:11:41.445 [ForkJoinPool.commonPool-worker-1] INFO  com.aerospace.aitt.shell.MainApp - Native library pre-warmed successfully
2026-04-01 00:11:41.612 [JavaFX Application Thread] INFO  com.aerospace.aitt.core.config.SettingsStore - Settings loaded from C:\Users\THINKPAD\.aitt\settings.json
2026-04-01 00:11:41.613 [JavaFX Application Thread] INFO  com.aerospace.aitt.core.ui.ThemeManager - Applied theme: Dark
2026-04-01 00:11:41.964 [JavaFX Application Thread] DEBUG com.aerospace.aitt.shell.LoginController - Initializing LoginController
2026-04-01 00:11:42.514 [JavaFX Application Thread] INFO  com.aerospace.aitt.core.ui.StageManager - Switched to scene: /fxml/login.fxml
2026-04-01 00:11:42.515 [JavaFX Application Thread] INFO  com.aerospace.aitt.shell.MainApp - Application UI initialized successfully
2026-04-01 00:11:53.148 [ForkJoinPool.commonPool-worker-1] INFO  com.aerospace.aitt.core.auth.AuthService - Authentication attempt for user: admin
2026-04-01 00:11:53.150 [ForkJoinPool.commonPool-worker-1] INFO  com.aerospace.aitt.core.auth.AuthService - User admin authenticated successfully
2026-04-01 00:11:53.165 [JavaFX Application Thread] INFO  com.aerospace.aitt.shell.LoginController - Login successful for user: admin
2026-04-01 00:11:53.216 [JavaFX Application Thread] DEBUG com.aerospace.aitt.shell.DashboardController - Initializing DashboardController
2026-04-01 00:11:53.275 [JavaFX Application Thread] DEBUG com.aerospace.aitt.shell.DashboardController - Navigation sound loaded
2026-04-01 00:11:53.276 [JavaFX Application Thread] DEBUG com.aerospace.aitt.shell.DashboardController - Module carousel initialized with 6 cards
2026-04-01 00:11:53.285 [JavaFX Application Thread] INFO  com.aerospace.aitt.shell.DashboardController - Dashboard displayed
2026-04-01 00:11:53.286 [JavaFX Application Thread] INFO  com.aerospace.aitt.core.ui.StageManager - Switched to scene: /fxml/dashboard.fxml
2026-04-01 00:11:59.763 [JavaFX Application Thread] INFO  com.aerospace.aitt.shell.DashboardController - Opening Flashing Module
2026-04-01 00:11:59.853 [JavaFX Application Thread] INFO  com.aerospace.aitt.core.log.AppLogger - [FlashingController] Initializing FlashingController
2026-04-01 00:11:59.862 [JavaFX Application Thread] INFO  com.aerospace.aitt.core.ui.StageManager - Switched to scene: /fxml/flashing.fxml
2026-04-01 00:11:59.884 [ForkJoinPool.commonPool-worker-1] INFO  com.aerospace.aitt.core.log.AppLogger - [ProfileStore] Loaded 8 target profiles
2026-04-01 00:11:59.963 [ForkJoinPool.commonPool-worker-1] INFO  com.aerospace.aitt.core.log.AppLogger - [SessionStore] Loaded 12 sessions from C:\Users\THINKPAD\.aitt\sessions.json
2026-04-01 00:12:00.317 [JavaFX Application Thread] INFO  com.aerospace.aitt.core.log.AppLogger - [FlashingController] FlashingController initialized
2026-04-01 00:13:52.867 [JavaFX Application Thread] INFO  com.aerospace.aitt.shell.DashboardController - Dashboard displayed
2026-04-01 00:13:52.867 [JavaFX Application Thread] INFO  com.aerospace.aitt.core.ui.StageManager - Switched to scene: /fxml/dashboard.fxml
2026-04-01 00:13:58.441 [JavaFX Application Thread] INFO  com.aerospace.aitt.core.auth.AuthService - User admin logged out
2026-04-01 00:13:58.446 [JavaFX Application Thread] INFO  com.aerospace.aitt.core.ui.StageManager - Switched to scene: /fxml/login.fxml
2026-04-01 00:13:58.447 [JavaFX Application Thread] INFO  com.aerospace.aitt.shell.DashboardController - User logged out
2026-04-01 17:39:20.023 [JavaFX Application Thread] INFO  com.aerospace.aitt.shell.MainApp - Application shutting down
