2026-03-23 20:43:58.130 [JavaFX Application Thread] INFO  com.aerospace.aitt.shell.MainApp - Starting JavaFX application
2026-03-23 20:43:58.412 [ForkJoinPool.commonPool-worker-1] INFO  com.aerospace.aitt.core.log.AppLogger - [HardwareBridge] Native library extracted and loaded from: C:\Users\THINKPAD\AppData\Local\Temp\aitt_native4654550547913465381\aitt_native.dll
2026-03-23 20:43:58.416 [ForkJoinPool.commonPool-worker-1] INFO  com.aerospace.aitt.shell.MainApp - Native library pre-warmed successfully
2026-03-23 20:43:59.005 [JavaFX Application Thread] INFO  com.aerospace.aitt.core.config.SettingsStore - Settings loaded from C:\Users\THINKPAD\.aitt\settings.json
2026-03-23 20:43:59.007 [JavaFX Application Thread] INFO  com.aerospace.aitt.core.ui.ThemeManager - Applied theme: Light
2026-03-23 20:43:59.440 [JavaFX Application Thread] DEBUG com.aerospace.aitt.shell.LoginController - Initializing LoginController
2026-03-23 20:44:01.426 [JavaFX Application Thread] INFO  com.aerospace.aitt.core.ui.StageManager - Switched to scene: /fxml/login.fxml
2026-03-23 20:44:01.428 [JavaFX Application Thread] INFO  com.aerospace.aitt.shell.MainApp - Application UI initialized successfully
2026-03-23 20:44:21.251 [ForkJoinPool.commonPool-worker-1] INFO  com.aerospace.aitt.core.auth.AuthService - Authentication attempt for user: AMFINRGA
2026-03-23 20:44:21.257 [ForkJoinPool.commonPool-worker-1] INFO  com.aerospace.aitt.core.auth.AuthService - User AMFINRGA authenticated successfully
2026-03-23 20:44:21.258 [JavaFX Application Thread] INFO  com.aerospace.aitt.shell.LoginController - Login successful for user: AMFINRGA
2026-03-23 20:44:21.381 [JavaFX Application Thread] DEBUG com.aerospace.aitt.shell.DashboardController - Initializing DashboardController
2026-03-23 20:44:21.562 [JavaFX Application Thread] DEBUG com.aerospace.aitt.shell.DashboardController - Navigation sound loaded
2026-03-23 20:44:21.567 [JavaFX Application Thread] DEBUG com.aerospace.aitt.shell.DashboardController - Module carousel initialized with 6 cards
2026-03-23 20:44:21.587 [JavaFX Application Thread] INFO  com.aerospace.aitt.shell.DashboardController - Dashboard displayed
2026-03-23 20:44:21.587 [JavaFX Application Thread] INFO  com.aerospace.aitt.core.ui.StageManager - Switched to scene: /fxml/dashboard.fxml
2026-03-23 20:44:24.803 [JavaFX Application Thread] INFO  com.aerospace.aitt.shell.DashboardController - Opening Settings dialog
2026-03-23 20:44:24.905 [JavaFX Application Thread] INFO  com.aerospace.aitt.core.log.AppLogger - [SettingsController] Initializing SettingsController
2026-03-23 20:44:24.933 [JavaFX Application Thread] INFO  com.aerospace.aitt.core.log.AppLogger - [ProfileStore] Loaded 8 target profiles
2026-03-23 20:44:24.940 [JavaFX Application Thread] INFO  com.aerospace.aitt.core.ui.ThemeManager - Applied theme: Light
2026-03-23 20:44:33.428 [JavaFX Application Thread] INFO  com.aerospace.aitt.core.config.SettingsStore - Settings saved to C:\Users\THINKPAD\.aitt\settings.json
2026-03-23 20:44:33.432 [JavaFX Application Thread] INFO  com.aerospace.aitt.core.ui.ThemeManager - Applied theme: Dark
2026-03-23 20:44:33.432 [JavaFX Application Thread] INFO  com.aerospace.aitt.core.ui.ThemeManager - Theme applied globally: Dark
2026-03-23 20:44:33.432 [JavaFX Application Thread] INFO  com.aerospace.aitt.core.log.AppLogger - [SettingsController] Settings saved successfully
2026-03-23 20:58:21.841 [JavaFX Application Thread] INFO  com.aerospace.aitt.shell.DashboardController - Opening Flashing Module
2026-03-23 20:58:21.920 [JavaFX Application Thread] INFO  com.aerospace.aitt.core.log.AppLogger - [FlashingController] Initializing FlashingController
2026-03-23 20:58:21.928 [JavaFX Application Thread] INFO  com.aerospace.aitt.core.ui.StageManager - Switched to scene: /fxml/flashing.fxml
2026-03-23 20:58:21.930 [ForkJoinPool.commonPool-worker-2] INFO  com.aerospace.aitt.core.log.AppLogger - [ProfileStore] Loaded 8 target profiles
2026-03-23 20:58:22.002 [ForkJoinPool.commonPool-worker-2] INFO  com.aerospace.aitt.core.log.AppLogger - [SessionStore] Loaded 12 sessions from C:\Users\THINKPAD\.aitt\sessions.json
2026-03-23 20:58:22.097 [JavaFX Application Thread] INFO  com.aerospace.aitt.core.log.AppLogger - [FlashingController] FlashingController initialized
2026-03-23 21:01:33.689 [JavaFX Application Thread] INFO  com.aerospace.aitt.shell.DashboardController - Dashboard displayed
2026-03-23 21:01:33.689 [JavaFX Application Thread] INFO  com.aerospace.aitt.core.ui.StageManager - Switched to scene: /fxml/dashboard.fxml
2026-03-23 21:01:44.768 [JavaFX Application Thread] INFO  com.aerospace.aitt.shell.DashboardController - Opening Hardware Module
2026-03-23 21:01:44.818 [JavaFX Application Thread] INFO  com.aerospace.aitt.core.log.AppLogger - [HardwareController] Initializing HardwareController
2026-03-23 21:01:44.823 [JavaFX Application Thread] INFO  com.aerospace.aitt.core.ui.StageManager - Switched to scene: /fxml/hardware.fxml
2026-03-23 21:01:44.823 [ForkJoinPool.commonPool-worker-3] INFO  com.aerospace.aitt.core.log.AppLogger - [HardwareBridge] HardwareBridge initialized - Native version: 1.0.0
2026-03-23 21:01:44.825 [ForkJoinPool.commonPool-worker-3] INFO  com.aerospace.aitt.core.log.AppLogger - [HardwareService] HardwareService initialized
2026-03-23 21:01:44.889 [JavaFX Application Thread] INFO  com.aerospace.aitt.core.log.AppLogger - [HardwareController] HardwareController initialized
2026-03-23 21:01:55.353 [JavaFX Application Thread] INFO  com.aerospace.aitt.shell.DashboardController - Dashboard displayed
2026-03-23 21:01:55.353 [JavaFX Application Thread] INFO  com.aerospace.aitt.core.ui.StageManager - Switched to scene: /fxml/dashboard.fxml
2026-03-23 21:02:02.203 [JavaFX Application Thread] INFO  com.aerospace.aitt.core.auth.AuthService - User AMFINRGA logged out
2026-03-23 21:02:02.205 [JavaFX Application Thread] INFO  com.aerospace.aitt.core.ui.StageManager - Switched to scene: /fxml/login.fxml
2026-03-23 21:02:02.205 [JavaFX Application Thread] INFO  com.aerospace.aitt.shell.DashboardController - User logged out
2026-03-23 21:02:04.779 [JavaFX Application Thread] INFO  com.aerospace.aitt.shell.MainApp - Application shutting down
